<?xml version="1.0" encoding="UTF-8"?>
<!-- Generated by org.testng.reporters.JUnitReportReporter -->
<testsuite hostname="DESKTOP-STDSAQ3" failures="0" tests="5" name="testCases.TC_003_LoginDDT" time="35.192" errors="0" timestamp="2024-02-10T11:27:58 IST" skipped="0">
  <testcase classname="testCases.TC_003_LoginDDT" name="verify_loginDDT" time="1.783"/>
  <testcase classname="testCases.TC_003_LoginDDT" name="verify_loginDDT" time="1.491"/>
  <testcase classname="testCases.TC_003_LoginDDT" name="verify_loginDDT" time="10.591"/>
  <testcase classname="testCases.TC_003_LoginDDT" name="verify_loginDDT" time="10.682"/>
  <testcase classname="testCases.TC_003_LoginDDT" name="verify_loginDDT" time="10.645"/>
</testsuite> <!-- testCases.TC_003_LoginDDT -->
