<?xml version="1.0" encoding="UTF-8"?>
<!-- Generated by org.testng.reporters.JUnitReportReporter -->
<testsuite hostname="DESKTOP-STDSAQ3" failures="0" tests="1" name="testCases.TC_002_LoginTest" time="0.893" errors="0" timestamp="2024-02-13T16:21:37 IST" skipped="0">
  <testcase classname="testCases.TC_002_LoginTest" name="verify_login" time="0.893"/>
</testsuite> <!-- testCases.TC_002_LoginTest -->
